<?xml version="1.0" encoding="UTF-8" ?>
<testsuite failures="0" time="2.574" errors="0" skipped="0" tests="4" name="com.mtfuji.priorityqueue.PrioritizationTest">
  <properties>
    <property name="java.runtime.name" value="Java(TM) SE Runtime Environment"/>
    <property name="sun.boot.library.path" value="/System/Library/Java/JavaVirtualMachines/1.6.0.jdk/Contents/Libraries"/>
    <property name="java.vm.version" value="20.65-b04-462"/>
    <property name="awt.nativeDoubleBuffering" value="true"/>
    <property name="gopherProxySet" value="false"/>
    <property name="mrj.build" value="11M4609"/>
    <property name="java.vm.vendor" value="Apple Inc."/>
    <property name="java.vendor.url" value="http://www.apple.com/"/>
    <property name="path.separator" value=":"/>
    <property name="java.vm.name" value="Java HotSpot(TM) 64-Bit Server VM"/>
    <property name="file.encoding.pkg" value="sun.io"/>
    <property name="user.country" value="US"/>
    <property name="sun.java.launcher" value="SUN_STANDARD"/>
    <property name="sun.os.patch.level" value="unknown"/>
    <property name="java.vm.specification.name" value="Java Virtual Machine Specification"/>
    <property name="user.dir" value="/Volumes/Seagate Backup Plus Drive/Users/mike/dev/PriorityQueue"/>
    <property name="java.runtime.version" value="1.6.0_65-b14-462-11M4609"/>
    <property name="java.awt.graphicsenv" value="apple.awt.CGraphicsEnvironment"/>
    <property name="basedir" value="/Volumes/Seagate Backup Plus Drive/Users/mike/dev/PriorityQueue"/>
    <property name="java.endorsed.dirs" value="/System/Library/Java/JavaVirtualMachines/1.6.0.jdk/Contents/Home/lib/endorsed"/>
    <property name="os.arch" value="x86_64"/>
    <property name="surefire.real.class.path" value="/var/folders/lj/pwvwk_hs4j3_5t62kks_f36m0000gn/T/surefirebooter3908426967335526628.jar"/>
    <property name="java.io.tmpdir" value="/var/folders/lj/pwvwk_hs4j3_5t62kks_f36m0000gn/T/"/>
    <property name="line.separator" value="
"/>
    <property name="java.vm.specification.vendor" value="Sun Microsystems Inc."/>
    <property name="os.name" value="Mac OS X"/>
    <property name="sun.jnu.encoding" value="MacRoman"/>
    <property name="java.library.path" value=".:/Library/Java/Extensions:/System/Library/Java/Extensions:/usr/lib/java"/>
    <property name="surefire.test.class.path" value="/Volumes/Seagate Backup Plus Drive/Users/mike/dev/PriorityQueue/target/test-classes:/Volumes/Seagate Backup Plus Drive/Users/mike/dev/PriorityQueue/target/classes:/Users/mike/.m2/repository/org/hamcrest/hamcrest-core/1.3.RC2/hamcrest-core-1.3.RC2.jar:/Users/mike/.m2/repository/org/hamcrest/hamcrest-library/1.3.RC2/hamcrest-library-1.3.RC2.jar:/Users/mike/.m2/repository/junit/junit/4.8.2/junit-4.8.2.jar:"/>
    <property name="java.specification.name" value="Java Platform API Specification"/>
    <property name="java.class.version" value="50.0"/>
    <property name="sun.management.compiler" value="HotSpot 64-Bit Tiered Compilers"/>
    <property name="os.version" value="10.9"/>
    <property name="http.nonProxyHosts" value="local|*.local|169.254/16|*.169.254/16"/>
    <property name="user.home" value="/Users/mike"/>
    <property name="user.timezone" value=""/>
    <property name="java.awt.printerjob" value="apple.awt.CPrinterJob"/>
    <property name="java.specification.version" value="1.6"/>
    <property name="file.encoding" value="MacRoman"/>
    <property name="user.name" value="mike"/>
    <property name="java.class.path" value="/Volumes/Seagate Backup Plus Drive/Users/mike/dev/PriorityQueue/target/test-classes:/Volumes/Seagate Backup Plus Drive/Users/mike/dev/PriorityQueue/target/classes:/Users/mike/.m2/repository/org/hamcrest/hamcrest-core/1.3.RC2/hamcrest-core-1.3.RC2.jar:/Users/mike/.m2/repository/org/hamcrest/hamcrest-library/1.3.RC2/hamcrest-library-1.3.RC2.jar:/Users/mike/.m2/repository/junit/junit/4.8.2/junit-4.8.2.jar:"/>
    <property name="java.vm.specification.version" value="1.0"/>
    <property name="sun.arch.data.model" value="64"/>
    <property name="java.home" value="/System/Library/Java/JavaVirtualMachines/1.6.0.jdk/Contents/Home"/>
    <property name="sun.java.command" value="/var/folders/lj/pwvwk_hs4j3_5t62kks_f36m0000gn/T/surefirebooter3908426967335526628.jar /var/folders/lj/pwvwk_hs4j3_5t62kks_f36m0000gn/T/surefire1439822371257172741tmp /var/folders/lj/pwvwk_hs4j3_5t62kks_f36m0000gn/T/surefire2108742916447128893tmp"/>
    <property name="java.specification.vendor" value="Sun Microsystems Inc."/>
    <property name="user.language" value="en"/>
    <property name="awt.toolkit" value="apple.awt.CToolkit"/>
    <property name="java.vm.info" value="mixed mode"/>
    <property name="java.version" value="1.6.0_65"/>
    <property name="java.ext.dirs" value="/Library/Java/Extensions:/System/Library/Java/Extensions:/System/Library/Java/JavaVirtualMachines/1.6.0.jdk/Contents/Home/lib/ext"/>
    <property name="sun.boot.class.path" value="/System/Library/Java/JavaVirtualMachines/1.6.0.jdk/Contents/Classes/jsfd.jar:/System/Library/Java/JavaVirtualMachines/1.6.0.jdk/Contents/Classes/classes.jar:/System/Library/Frameworks/JavaVM.framework/Frameworks/JavaRuntimeSupport.framework/Resources/Java/JavaRuntimeSupport.jar:/System/Library/Java/JavaVirtualMachines/1.6.0.jdk/Contents/Classes/ui.jar:/System/Library/Java/JavaVirtualMachines/1.6.0.jdk/Contents/Classes/laf.jar:/System/Library/Java/JavaVirtualMachines/1.6.0.jdk/Contents/Classes/sunrsasign.jar:/System/Library/Java/JavaVirtualMachines/1.6.0.jdk/Contents/Classes/jsse.jar:/System/Library/Java/JavaVirtualMachines/1.6.0.jdk/Contents/Classes/jce.jar:/System/Library/Java/JavaVirtualMachines/1.6.0.jdk/Contents/Classes/charsets.jar"/>
    <property name="java.vendor" value="Apple Inc."/>
    <property name="localRepository" value="/Users/mike/.m2/repository"/>
    <property name="file.separator" value="/"/>
    <property name="java.vendor.url.bug" value="http://bugreport.apple.com/"/>
    <property name="sun.cpu.endian" value="little"/>
    <property name="sun.io.unicode.encoding" value="UnicodeLittle"/>
    <property name="mrj.version" value="1070.1.6.0_65-462"/>
    <property name="socksNonProxyHosts" value="local|*.local|169.254/16|*.169.254/16"/>
    <property name="ftp.nonProxyHosts" value="local|*.local|169.254/16|*.169.254/16"/>
    <property name="sun.cpu.isalist" value=""/>
  </properties>
  <testcase time="0.043" classname="com.mtfuji.priorityqueue.PrioritizationTest" name="returnFirstHighestPriorityToken"/>
  <testcase time="0.001" classname="com.mtfuji.priorityqueue.PrioritizationTest" name="returnLastHighestPriorityToken"/>
  <testcase time="0.505" classname="com.mtfuji.priorityqueue.PrioritizationTest" name="returnsInPriorityOrder"/>
  <testcase time="2.011" classname="com.mtfuji.priorityqueue.PrioritizationTest" name="returnsInPriorityOrderMultiThread"/>
</testsuite>